2026.01.06 20:06:13 INFO  Started: Metals version 1.6.4 in folders '/home/reinaldo/Documents/Coursera/programming-languages-I' for client Visual Studio Code 1.107.1.
2026.01.06 20:06:14 WARN  Using H2 2.4.240 which is newer than the version Flyway has been verified with. The latest verified version of H2 is 2.3.232.
2026.01.06 20:06:14 INFO  no build target found for /home/reinaldo/Documents/Coursera/programming-languages-I/src/Main.scala. Using presentation compiler with project's scala-library version: 3.3.6
2026.01.06 20:06:17 INFO  no build target found for /home/reinaldo/Documents/Coursera/programming-languages-I/src/Main.scala. Using presentation compiler with project's scala-library version: 3.3.6
Jan 06, 2026 8:06:17 PM org.eclipse.lsp4j.jsonrpc.RemoteEndpoint handleCancellation
WARNING: Unmatched cancel notification for request id 1
Jan 06, 2026 8:06:17 PM org.eclipse.lsp4j.jsonrpc.RemoteEndpoint handleCancellation
WARNING: Unmatched cancel notification for request id 6
Jan 06, 2026 8:06:17 PM org.eclipse.lsp4j.jsonrpc.RemoteEndpoint handleCancellation
WARNING: Unmatched cancel notification for request id 3
Jan 06, 2026 8:06:17 PM org.eclipse.lsp4j.jsonrpc.RemoteEndpoint handleCancellation
WARNING: Unmatched cancel notification for request id 2
2026.01.06 20:06:17 INFO  no build target found for /home/reinaldo/Documents/Coursera/programming-languages-I/src/Main.scala. Using presentation compiler with project's scala-library version: 3.3.6
2026.01.06 20:06:17 INFO  no build target found for /home/reinaldo/Documents/Coursera/programming-languages-I/src/Main.scala. Using presentation compiler with project's scala-library version: 3.3.6
Jan 06, 2026 8:06:18 PM org.eclipse.lsp4j.jsonrpc.RemoteEndpoint handleCancellation
WARNING: Unmatched cancel notification for request id 8
2026.01.06 20:06:17 INFO  no build target found for /home/reinaldo/Documents/Coursera/programming-languages-I/src/Main.scala. Using presentation compiler with project's scala-library version: 3.3.6
2026.01.06 20:06:18 INFO  Running List(/home/reinaldo/.local/share/coursier/bin/scala-cli, setup-ide, /home/reinaldo/Documents/Coursera/programming-languages-I)
2026.01.06 20:06:18 INFO  Attempting to connect to the build server...
2026.01.06 20:06:18 INFO  Running BSP server List(/home/reinaldo/.local/share/coursier/bin/.scala-cli.aux, bsp, --json-options, /home/reinaldo/Documents/Coursera/programming-languages-I/.scala-build/ide-options-v2.json, --json-launcher-options, /home/reinaldo/Documents/Coursera/programming-languages-I/.scala-build/ide-launcher-options.json, --envs-file, /home/reinaldo/Documents/Coursera/programming-languages-I/.scala-build/ide-envs.json, /home/reinaldo/Documents/Coursera/programming-languages-I)
2026.01.06 20:06:19 INFO  tracing is disabled for protocol BSP, to enable tracing of incoming and outgoing JSON messages create an empty file at /home/reinaldo/Documents/Coursera/programming-languages-I/.metals/bsp.trace.json or /home/reinaldo/.cache/metals/bsp.trace.json
2026.01.06 20:06:20 INFO  BSP server: Downloading https://repo1.maven.org/maven2/org/scala-lang/scala-library/2.13.16/scala-library-2.13.16-sources.jar
2026.01.06 20:06:20 INFO  BSP server: Downloading https://repo1.maven.org/maven2/org/scala-lang/scala3-library_3/3.7.0/scala3-library_3-3.7.0-sources.jar
2026.01.06 20:06:20 INFO  BSP server: Downloaded https://repo1.maven.org/maven2/org/scala-lang/scala-library/2.13.16/scala-library-2.13.16-sources.jar
2026.01.06 20:06:22 INFO  BSP server: Downloaded https://repo1.maven.org/maven2/org/scala-lang/scala3-library_3/3.7.0/scala3-library_3-3.7.0-sources.jar
2026.01.06 20:06:22 INFO  BSP server: Downloading https://repo1.maven.org/maven2/com/sourcegraph/semanticdb-javac/0.10.0/semanticdb-javac-0.10.0.pom
2026.01.06 20:06:22 INFO  BSP server: Downloaded https://repo1.maven.org/maven2/com/sourcegraph/semanticdb-javac/0.10.0/semanticdb-javac-0.10.0.pom
2026.01.06 20:06:22 INFO  BSP server: Downloading https://repo1.maven.org/maven2/com/sourcegraph/semanticdb-javac/0.10.0/semanticdb-javac-0.10.0.jar
2026.01.06 20:06:22 INFO  BSP server: Downloaded https://repo1.maven.org/maven2/com/sourcegraph/semanticdb-javac/0.10.0/semanticdb-javac-0.10.0.jar
2026.01.06 20:06:22 INFO  time: Connected to build server in 4.02s
2026.01.06 20:06:22 INFO  Connected to Build server: scala-cli v1.8.0
2026.01.06 20:06:23 INFO  time: Imported build in 0.16s
2026.01.06 20:06:23 INFO  compiling programming-languages-i_49cdc7ac55 (1 scala source)
2026.01.06 20:06:25 INFO  time: compiled programming-languages-I_49cdc7ac55 in 2.75s
2026.01.06 20:06:30 WARN  Using H2 2.4.240 which is newer than the version Flyway has been verified with. The latest verified version of H2 is 2.3.232.
2026.01.06 20:06:33 INFO  time: indexed workspace in 10s
Jan 06, 2026 8:06:47 PM org.eclipse.lsp4j.jsonrpc.services.GenericEndpoint notify
INFO: Unsupported notification method: $/setTrace
Jan 06, 2026 8:06:47 PM org.eclipse.lsp4j.jsonrpc.services.GenericEndpoint notify
INFO: Unsupported notification method: $/setTrace
Jan 06, 2026 8:06:48 PM org.eclipse.lsp4j.jsonrpc.services.GenericEndpoint notify
INFO: Unsupported notification method: $/setTrace
